<?xml version="1.0" encoding="UTF-8"?>
<!-- Generated by org.testng.reporters.JUnitReportReporter -->
<testsuite skipped="0" hostname="NDI-LAP-594" name="com.gmail.qa.testcase.loginpagetest" tests="1" failures="0" timestamp="27 Mar 2020 06:07:50 GMT" time="10.681" errors="0">
  <testcase name="loginPageTitleTest" time="10.681" classname="com.gmail.qa.testcase.loginpagetest"/>
</testsuite> <!-- com.gmail.qa.testcase.loginpagetest -->
